TIME     : 2020-06-04 08:15:23
FILE     : VMCfgMgr.cpp
FUNCTION : CVMCfgMgr::getMachineEntry_Base
LINENUM  : 818
DETAIL   : Base files is missing!

TIME     : 2020-06-04 08:15:23
FILE     : VMCfgMgr.cpp
FUNCTION : CVMCfgMgr::getMachineEntry_Base
LINENUM  : 824
DETAIL   : Base snapshot is missing!

TIME     : 2020-06-04 08:15:23
FILE     : VMCfgMgr.cpp
FUNCTION : CVMCfgMgr::getMachineEntry_Base
LINENUM  : 818
DETAIL   : Base files is missing!

TIME     : 2020-06-04 08:15:23
FILE     : VMCfgMgr.cpp
FUNCTION : CVMCfgMgr::getMachineEntry_Base
LINENUM  : 824
DETAIL   : Base snapshot is missing!

TIME     : 2020-06-04 08:15:24
FILE     : VBoxInternal.cpp
FUNCTION : VBI_CheckSystemDisk
LINENUM  : 1566
DETAIL   : errinfo=  

TIME     : 2020-06-04 08:15:24
FILE     : VBoxApi.cpp
FUNCTION : VB_RepBaseVM
LINENUM  : 389
DETAIL   : isBaseDisk1Exist : 1

TIME     : 2020-06-04 08:15:24
FILE     : VBoxApi.cpp
FUNCTION : VB_Init
LINENUM  : 587
DETAIL   : VBI_GetISession hr = 0

TIME     : 2020-06-04 08:15:24
FILE     : WorkThread.cpp
FUNCTION : CWorkThread::start
LINENUM  : 68
DETAIL   : WorkThread ID : 6596


TIME     : 2020-06-04 08:15:24
FILE     : WorkThread.cpp
FUNCTION : CWorkThread::start
LINENUM  : 68
DETAIL   : WorkThread ID : 5624


TIME     : 2020-06-04 08:15:24
FILE     : WorkThread.cpp
FUNCTION : CWorkThread::start
LINENUM  : 68
DETAIL   : WorkThread ID : 3644


TIME     : 2020-06-04 08:15:24
FILE     : WorkThread.cpp
FUNCTION : CWorkThread::start
LINENUM  : 68
DETAIL   : WorkThread ID : 8820


TIME     : 2020-06-04 08:15:24
FILE     : VBoxApi.cpp
FUNCTION : VB_FindMachine
LINENUM  : 1763
DETAIL   : Machine "nox" has been found.

TIME     : 2020-06-04 08:15:24
FILE     : VBoxApi.cpp
FUNCTION : VB_FindMachineEx
LINENUM  : 1135
DETAIL   : d2 p C:\Program Files (x86)\Nox\bin\BignoxVMS\nox\nox-disk2.vmdk

TIME     : 2020-06-04 08:15:24
FILE     : VBoxInternal.cpp
FUNCTION : VBI_CheckDiskRegist
LINENUM  : 1745
DETAIL   : errinfo=  

TIME     : 2020-06-04 08:15:24
FILE     : VBoxApi.cpp
FUNCTION : VB_FindMachineEx
LINENUM  : 1145
DETAIL   : VBI_CheckDisk2Regist RESULT 0

TIME     : 2020-06-04 08:15:24
FILE     : VBoxInternal.cpp
FUNCTION : VBI_CheckDiskRegist
LINENUM  : 1745
DETAIL   : errinfo=  

TIME     : 2020-06-04 08:15:24
FILE     : VBoxApi.cpp
FUNCTION : VB_FindMachineEx
LINENUM  : 1251
DETAIL   : VBI_CheckDisk1Regist RESULT 0

TIME     : 2020-06-04 08:15:24
FILE     : VBoxApi.cpp
FUNCTION : VB_FindMachineEx
LINENUM  : 1275
DETAIL   : Machine "nox" has been found.

TIME     : 2020-06-04 08:15:24
FILE     : VBoxApi.cpp
FUNCTION : VB_GetMachineState
LINENUM  : 1933
DETAIL   : Machine Status  = 1

TIME     : 2020-06-04 08:15:25
FILE     : VBoxApi.cpp
FUNCTION : VB_GetMachineState
LINENUM  : 1933
DETAIL   : Machine Status  = 1

TIME     : 2020-06-04 08:15:25
FILE     : VBoxApi.cpp
FUNCTION : VB_StartMachine
LINENUM  : 1975
DETAIL   : pV5Params=romx;0;romy;0;romwidth;960;romheight;540;renderport;55001;callbackport;54001;rendertype;opengl;hwnd;459658;renderpath;libopenglrenderplus.dll;passthrough;NOXa.dll

TIME     : 2020-06-04 08:15:25
FILE     : VBoxApi.cpp
FUNCTION : VB_StartMachine
LINENUM  : 1993
DETAIL   : NoxVMHandle pID=8476

TIME     : 2020-06-04 08:15:27
FILE     : VBoxApi.cpp
FUNCTION : VB_GetMachineState
LINENUM  : 1933
DETAIL   : Machine Status  = 5

TIME     : 2020-06-04 08:15:27
FILE     : VBoxApi.cpp
FUNCTION : VB_GetMachineState
LINENUM  : 1933
DETAIL   : Machine Status  = 5

TIME     : 2020-06-04 08:15:27
FILE     : VBoxApi.cpp
FUNCTION : VB_RemoveSharedFolder
LINENUM  : 3884
DETAIL   : ErrorCode is "110". Detail : VB_ERR_REMOVE_SHAREDFOLDER_FAIL

TIME     : 2020-06-04 08:15:27
FILE     : VBoxApi.cpp
FUNCTION : VB_AddSharedFolder
LINENUM  : 3798
DETAIL   : ErrorCode is "110". Detail : VB_ERR_REMOVE_SHAREDFOLDER_FAIL

TIME     : 2020-06-04 08:15:27
FILE     : VBoxApi.cpp
FUNCTION : VB_RemoveSharedFolder
LINENUM  : 3884
DETAIL   : ErrorCode is "110". Detail : VB_ERR_REMOVE_SHAREDFOLDER_FAIL

TIME     : 2020-06-04 08:15:27
FILE     : VBoxApi.cpp
FUNCTION : VB_AddSharedFolder
LINENUM  : 3798
DETAIL   : ErrorCode is "110". Detail : VB_ERR_REMOVE_SHAREDFOLDER_FAIL

TIME     : 2020-06-04 08:15:28
FILE     : VBoxApi.cpp
FUNCTION : VB_RemoveSharedFolder
LINENUM  : 3884
DETAIL   : ErrorCode is "110". Detail : VB_ERR_REMOVE_SHAREDFOLDER_FAIL

TIME     : 2020-06-04 08:15:28
FILE     : VBoxApi.cpp
FUNCTION : VB_AddSharedFolder
LINENUM  : 3798
DETAIL   : ErrorCode is "110". Detail : VB_ERR_REMOVE_SHAREDFOLDER_FAIL

TIME     : 2020-06-04 08:15:42
FILE     : VBoxApi.cpp
FUNCTION : VB_CheckVM_BridgeInterFace
LINENUM  : 7625
DETAIL   : c bridge 0

TIME     : 2020-06-04 08:15:42
FILE     : VBoxApi.cpp
FUNCTION : VB_CheckVM_BridgeInterFace
LINENUM  : 7634
DETAIL   : c bridge done

TIME     : 2020-06-04 08:21:06
FILE     : VBoxApi.cpp
FUNCTION : VB_GetMachineState
LINENUM  : 1933
DETAIL   : Machine Status  = 1

